running develop
running egg_info
creating tb4_aoa_viz.egg-info
writing tb4_aoa_viz.egg-info/PKG-INFO
writing dependency_links to tb4_aoa_viz.egg-info/dependency_links.txt
writing entry points to tb4_aoa_viz.egg-info/entry_points.txt
writing requirements to tb4_aoa_viz.egg-info/requires.txt
writing top-level names to tb4_aoa_viz.egg-info/top_level.txt
writing manifest file 'tb4_aoa_viz.egg-info/SOURCES.txt'
reading manifest file 'tb4_aoa_viz.egg-info/SOURCES.txt'
writing manifest file 'tb4_aoa_viz.egg-info/SOURCES.txt'
running build_ext
Creating /home/david/tb4_ws/install/tb4_aoa_viz/lib/python3.12/site-packages/tb4-aoa-viz.egg-link (link to .)
Installing aoa_marker_node script to /home/david/tb4_ws/install/tb4_aoa_viz/lib/tb4_aoa_viz
Installing aoa_tx2rx_node script to /home/david/tb4_ws/install/tb4_aoa_viz/lib/tb4_aoa_viz

Installed /home/david/tb4_ws/build/tb4_aoa_viz
running symlink_data
creating /home/david/tb4_ws/install/tb4_aoa_viz/share/ament_index
creating /home/david/tb4_ws/install/tb4_aoa_viz/share/ament_index/resource_index
creating /home/david/tb4_ws/install/tb4_aoa_viz/share/ament_index/resource_index/packages
symbolically linking /home/david/tb4_ws/build/tb4_aoa_viz/resource/tb4_aoa_viz -> /home/david/tb4_ws/install/tb4_aoa_viz/share/ament_index/resource_index/packages
symbolically linking /home/david/tb4_ws/build/tb4_aoa_viz/package.xml -> /home/david/tb4_ws/install/tb4_aoa_viz/share/tb4_aoa_viz
symbolically linking /home/david/tb4_ws/build/tb4_aoa_viz/tb4_aoa_viz/aoa_marker.launch.py -> /home/david/tb4_ws/install/tb4_aoa_viz/share/tb4_aoa_viz
symbolically linking /home/david/tb4_ws/build/tb4_aoa_viz/tb4_aoa_viz/aoa_tx2rx.launch.py -> /home/david/tb4_ws/install/tb4_aoa_viz/share/tb4_aoa_viz
