[0.525s] Invoking command in '/home/david/tb4_ws/build/tb4_aoa_viz': DEBUGINFOD_URLS=https://debuginfod.ubuntu.com PYTHONPATH=/home/david/tb4_ws/build/tb4_aoa_viz/prefix_override:/usr/lib/python3/dist-packages/colcon_core/task/python/colcon_distutils_commands:/home/david/tb4_ws/install/tb4_aoa_viz/lib/python3.12/site-packages:${PYTHONPATH} /usr/bin/python3 -W ignore:setup.py install is deprecated -W ignore:easy_install command is deprecated setup.py develop --editable --build-directory /home/david/tb4_ws/build/tb4_aoa_viz/build --no-deps symlink_data
[0.729s] running develop
[0.858s] running egg_info
[0.858s] creating tb4_aoa_viz.egg-info
[0.871s] writing tb4_aoa_viz.egg-info/PKG-INFO
[0.871s] writing dependency_links to tb4_aoa_viz.egg-info/dependency_links.txt
[0.871s] writing entry points to tb4_aoa_viz.egg-info/entry_points.txt
[0.871s] writing requirements to tb4_aoa_viz.egg-info/requires.txt
[0.871s] writing top-level names to tb4_aoa_viz.egg-info/top_level.txt
[0.871s] writing manifest file 'tb4_aoa_viz.egg-info/SOURCES.txt'
[0.896s] reading manifest file 'tb4_aoa_viz.egg-info/SOURCES.txt'
[0.897s] writing manifest file 'tb4_aoa_viz.egg-info/SOURCES.txt'
[0.910s] running build_ext
[0.910s] Creating /home/david/tb4_ws/install/tb4_aoa_viz/lib/python3.12/site-packages/tb4-aoa-viz.egg-link (link to .)
[0.911s] Installing aoa_marker_node script to /home/david/tb4_ws/install/tb4_aoa_viz/lib/tb4_aoa_viz
[0.911s] Installing aoa_tx2rx_node script to /home/david/tb4_ws/install/tb4_aoa_viz/lib/tb4_aoa_viz
[0.911s] 
[0.911s] Installed /home/david/tb4_ws/build/tb4_aoa_viz
[0.911s] running symlink_data
[0.911s] creating /home/david/tb4_ws/install/tb4_aoa_viz/share/ament_index
[0.911s] creating /home/david/tb4_ws/install/tb4_aoa_viz/share/ament_index/resource_index
[0.911s] creating /home/david/tb4_ws/install/tb4_aoa_viz/share/ament_index/resource_index/packages
[0.911s] symbolically linking /home/david/tb4_ws/build/tb4_aoa_viz/resource/tb4_aoa_viz -> /home/david/tb4_ws/install/tb4_aoa_viz/share/ament_index/resource_index/packages
[0.911s] symbolically linking /home/david/tb4_ws/build/tb4_aoa_viz/package.xml -> /home/david/tb4_ws/install/tb4_aoa_viz/share/tb4_aoa_viz
[0.911s] symbolically linking /home/david/tb4_ws/build/tb4_aoa_viz/tb4_aoa_viz/aoa_marker.launch.py -> /home/david/tb4_ws/install/tb4_aoa_viz/share/tb4_aoa_viz
[0.911s] symbolically linking /home/david/tb4_ws/build/tb4_aoa_viz/tb4_aoa_viz/aoa_tx2rx.launch.py -> /home/david/tb4_ws/install/tb4_aoa_viz/share/tb4_aoa_viz
[0.930s] Invoked command in '/home/david/tb4_ws/build/tb4_aoa_viz' returned '0': DEBUGINFOD_URLS=https://debuginfod.ubuntu.com PYTHONPATH=/home/david/tb4_ws/build/tb4_aoa_viz/prefix_override:/usr/lib/python3/dist-packages/colcon_core/task/python/colcon_distutils_commands:/home/david/tb4_ws/install/tb4_aoa_viz/lib/python3.12/site-packages:${PYTHONPATH} /usr/bin/python3 -W ignore:setup.py install is deprecated -W ignore:easy_install command is deprecated setup.py develop --editable --build-directory /home/david/tb4_ws/build/tb4_aoa_viz/build --no-deps symlink_data
